{"C:\\Users\\sysye\\OneDrive\\Desktop\\circularmatch\\circularmatch\\apps\\web\\src\\components\\ui.tsx": {"path":"C:\\Users\\sysye\\OneDrive\\Desktop\\circularmatch\\circularmatch\\apps\\web\\src\\components\\ui.tsx","statementMap":{"0":{"start":{"line":9,"column":2},"end":{"line":21,"column":null}},"1":{"start":{"line":12,"column":8},"end":{"line":19,"column":null}},"2":{"start":{"line":26,"column":2},"end":{"line":36,"column":null}},"3":{"start":{"line":41,"column":2},"end":{"line":41,"column":null}},"4":{"start":{"line":41,"column":17},"end":{"line":41,"column":null}},"5":{"start":{"line":42,"column":2},"end":{"line":42,"column":null}},"6":{"start":{"line":56,"column":2},"end":{"line":64,"column":null}},"7":{"start":{"line":81,"column":16},"end":{"line":86,"column":null}},"8":{"start":{"line":87,"column":15},"end":{"line":87,"column":null}},"9":{"start":{"line":88,"column":2},"end":{"line":99,"column":null}},"10":{"start":{"line":104,"column":17},"end":{"line":104,"column":null}},"11":{"start":{"line":105,"column":24},"end":{"line":105,"column":null}},"12":{"start":{"line":106,"column":18},"end":{"line":106,"column":null}},"13":{"start":{"line":107,"column":21},"end":{"line":107,"column":null}},"14":{"start":{"line":108,"column":17},"end":{"line":108,"column":null}},"15":{"start":{"line":109,"column":23},"end":{"line":109,"column":null}},"16":{"start":{"line":110,"column":2},"end":{"line":131,"column":null}},"17":{"start":{"line":136,"column":2},"end":{"line":150,"column":null}},"18":{"start":{"line":155,"column":2},"end":{"line":158,"column":null}},"19":{"start":{"line":163,"column":2},"end":{"line":168,"column":null}},"20":{"start":{"line":173,"column":2},"end":{"line":179,"column":null}},"21":{"start":{"line":204,"column":2},"end":{"line":204,"column":null}},"22":{"start":{"line":204,"column":15},"end":{"line":204,"column":null}},"23":{"start":{"line":206,"column":2},"end":{"line":224,"column":null}},"24":{"start":{"line":229,"column":2},"end":{"line":239,"column":null}},"25":{"start":{"line":244,"column":2},"end":{"line":250,"column":null}},"26":{"start":{"line":255,"column":22},"end":{"line":255,"column":null}},"27":{"start":{"line":256,"column":2},"end":{"line":266,"column":null}}},"fnMap":{"0":{"name":"Breadcrumb","decl":{"start":{"line":8,"column":16},"end":{"line":8,"column":27}},"loc":{"start":{"line":8,"column":85},"end":{"line":23,"column":null}},"line":8},"1":{"name":"(anonymous_1)","decl":{"start":{"line":11,"column":13},"end":{"line":11,"column":18}},"loc":{"start":{"line":12,"column":8},"end":{"line":19,"column":null}},"line":12},"2":{"name":"CircularMark","decl":{"start":{"line":25,"column":16},"end":{"line":25,"column":29}},"loc":{"start":{"line":25,"column":63},"end":{"line":38,"column":null}},"line":25},"3":{"name":"StatusBadge","decl":{"start":{"line":40,"column":16},"end":{"line":40,"column":28}},"loc":{"start":{"line":40,"column":68},"end":{"line":43,"column":null}},"line":40},"4":{"name":"PageHeader","decl":{"start":{"line":45,"column":16},"end":{"line":45,"column":27}},"loc":{"start":{"line":55,"column":3},"end":{"line":66,"column":null}},"line":55},"5":{"name":"MetricCard","decl":{"start":{"line":68,"column":16},"end":{"line":68,"column":27}},"loc":{"start":{"line":80,"column":3},"end":{"line":101,"column":null}},"line":80},"6":{"name":"ScoreRing","decl":{"start":{"line":103,"column":16},"end":{"line":103,"column":26}},"loc":{"start":{"line":103,"column":121},"end":{"line":133,"column":null}},"line":103},"7":{"name":"ScoreBar","decl":{"start":{"line":135,"column":16},"end":{"line":135,"column":25}},"loc":{"start":{"line":135,"column":102},"end":{"line":152,"column":null}},"line":135},"8":{"name":"QualityPill","decl":{"start":{"line":154,"column":16},"end":{"line":154,"column":28}},"loc":{"start":{"line":154,"column":88},"end":{"line":160,"column":null}},"line":154},"9":{"name":"Disclosure","decl":{"start":{"line":162,"column":16},"end":{"line":162,"column":27}},"loc":{"start":{"line":162,"column":100},"end":{"line":170,"column":null}},"line":162},"10":{"name":"PageSkeleton","decl":{"start":{"line":172,"column":16},"end":{"line":172,"column":29}},"loc":{"start":{"line":172,"column":92},"end":{"line":181,"column":null}},"line":172},"11":{"name":"ConfirmDialog","decl":{"start":{"line":185,"column":16},"end":{"line":185,"column":30}},"loc":{"start":{"line":203,"column":3},"end":{"line":226,"column":null}},"line":203},"12":{"name":"ErrorPanel","decl":{"start":{"line":228,"column":16},"end":{"line":228,"column":27}},"loc":{"start":{"line":228,"column":88},"end":{"line":241,"column":null}},"line":228},"13":{"name":"EmptyPanel","decl":{"start":{"line":243,"column":16},"end":{"line":243,"column":27}},"loc":{"start":{"line":243,"column":109},"end":{"line":252,"column":null}},"line":243},"14":{"name":"ChartCard","decl":{"start":{"line":254,"column":16},"end":{"line":254,"column":26}},"loc":{"start":{"line":254,"column":178},"end":{"line":268,"column":null}},"line":254}},"branchMap":{"0":{"loc":{"start":{"line":13,"column":11},"end":{"line":14,"column":16}},"type":"binary-expr","locations":[{"start":{"line":13,"column":11},"end":{"line":13,"column":24}},{"start":{"line":13,"column":24},"end":{"line":14,"column":16}}],"line":13},"1":{"loc":{"start":{"line":14,"column":11},"end":{"line":19,"column":null}},"type":"cond-expr","locations":[{"start":{"line":15,"column":12},"end":{"line":17,"column":13}},{"start":{"line":17,"column":12},"end":{"line":19,"column":null}}],"line":14},"2":{"loc":{"start":{"line":25,"column":31},"end":{"line":25,"column":63}},"type":"default-arg","locations":[{"start":{"line":25,"column":38},"end":{"line":25,"column":63}}],"line":25},"3":{"loc":{"start":{"line":41,"column":2},"end":{"line":41,"column":null}},"type":"if","locations":[{"start":{"line":41,"column":2},"end":{"line":41,"column":null}},{"start":{},"end":{}}],"line":41},"4":{"loc":{"start":{"line":59,"column":9},"end":{"line":59,"column":null}},"type":"binary-expr","locations":[{"start":{"line":59,"column":9},"end":{"line":59,"column":20}},{"start":{"line":59,"column":20},"end":{"line":59,"column":null}}],"line":59},"5":{"loc":{"start":{"line":63,"column":7},"end":{"line":64,"column":null}},"type":"binary-expr","locations":[{"start":{"line":63,"column":7},"end":{"line":63,"column":18}},{"start":{"line":63,"column":18},"end":{"line":64,"column":null}}],"line":63},"6":{"loc":{"start":{"line":73,"column":2},"end":{"line":73,"column":null}},"type":"default-arg","locations":[{"start":{"line":73,"column":11},"end":{"line":73,"column":null}}],"line":73},"7":{"loc":{"start":{"line":103,"column":35},"end":{"line":103,"column":58}},"type":"default-arg","locations":[{"start":{"line":103,"column":43},"end":{"line":103,"column":58}}],"line":103},"8":{"loc":{"start":{"line":103,"column":58},"end":{"line":103,"column":121}},"type":"default-arg","locations":[{"start":{"line":103,"column":65},"end":{"line":103,"column":121}}],"line":103},"9":{"loc":{"start":{"line":108,"column":17},"end":{"line":108,"column":null}},"type":"cond-expr","locations":[{"start":{"line":108,"column":33},"end":{"line":108,"column":45}},{"start":{"line":108,"column":45},"end":{"line":108,"column":null}}],"line":108},"10":{"loc":{"start":{"line":108,"column":45},"end":{"line":108,"column":null}},"type":"cond-expr","locations":[{"start":{"line":108,"column":61},"end":{"line":108,"column":73}},{"start":{"line":108,"column":73},"end":{"line":108,"column":null}}],"line":108},"11":{"loc":{"start":{"line":139,"column":61},"end":{"line":139,"column":172}},"type":"cond-expr","locations":[{"start":{"line":139,"column":84},"end":{"line":139,"column":172}},{"start":{"line":139,"column":161},"end":{"line":139,"column":172}}],"line":139},"12":{"loc":{"start":{"line":155,"column":9},"end":{"line":158,"column":null}},"type":"cond-expr","locations":[{"start":{"line":156,"column":4},"end":{"line":158,"column":5}},{"start":{"line":158,"column":4},"end":{"line":158,"column":null}}],"line":155},"13":{"loc":{"start":{"line":156,"column":77},"end":{"line":156,"column":104}},"type":"cond-expr","locations":[{"start":{"line":156,"column":85},"end":{"line":156,"column":101}},{"start":{"line":156,"column":101},"end":{"line":156,"column":104}}],"line":156},"14":{"loc":{"start":{"line":158,"column":76},"end":{"line":158,"column":103}},"type":"cond-expr","locations":[{"start":{"line":158,"column":84},"end":{"line":158,"column":100}},{"start":{"line":158,"column":100},"end":{"line":158,"column":103}}],"line":158},"15":{"loc":{"start":{"line":162,"column":29},"end":{"line":162,"column":47}},"type":"default-arg","locations":[{"start":{"line":162,"column":37},"end":{"line":162,"column":47}}],"line":162},"16":{"loc":{"start":{"line":172,"column":31},"end":{"line":172,"column":92}},"type":"default-arg","locations":[{"start":{"line":172,"column":39},"end":{"line":172,"column":92}}],"line":172},"17":{"loc":{"start":{"line":189,"column":2},"end":{"line":189,"column":null}},"type":"default-arg","locations":[{"start":{"line":189,"column":17},"end":{"line":189,"column":null}}],"line":189},"18":{"loc":{"start":{"line":190,"column":2},"end":{"line":190,"column":null}},"type":"default-arg","locations":[{"start":{"line":190,"column":16},"end":{"line":190,"column":null}}],"line":190},"19":{"loc":{"start":{"line":204,"column":2},"end":{"line":204,"column":null}},"type":"if","locations":[{"start":{"line":204,"column":2},"end":{"line":204,"column":null}},{"start":{},"end":{}}],"line":204},"20":{"loc":{"start":{"line":217,"column":11},"end":{"line":217,"column":null}},"type":"binary-expr","locations":[{"start":{"line":217,"column":11},"end":{"line":217,"column":23}},{"start":{"line":217,"column":23},"end":{"line":217,"column":null}}],"line":217},"21":{"loc":{"start":{"line":236,"column":11},"end":{"line":236,"column":null}},"type":"binary-expr","locations":[{"start":{"line":236,"column":11},"end":{"line":236,"column":22}},{"start":{"line":236,"column":22},"end":{"line":236,"column":null}}],"line":236},"22":{"loc":{"start":{"line":249,"column":7},"end":{"line":249,"column":null}},"type":"binary-expr","locations":[{"start":{"line":249,"column":7},"end":{"line":249,"column":17}},{"start":{"line":249,"column":17},"end":{"line":249,"column":null}}],"line":249},"23":{"loc":{"start":{"line":254,"column":55},"end":{"line":254,"column":178}},"type":"default-arg","locations":[{"start":{"line":254,"column":64},"end":{"line":254,"column":178}}],"line":254},"24":{"loc":{"start":{"line":255,"column":22},"end":{"line":255,"column":null}},"type":"cond-expr","locations":[{"start":{"line":255,"column":42},"end":{"line":255,"column":74}},{"start":{"line":255,"column":74},"end":{"line":255,"column":null}}],"line":255},"25":{"loc":{"start":{"line":255,"column":74},"end":{"line":255,"column":null}},"type":"cond-expr","locations":[{"start":{"line":255,"column":95},"end":{"line":255,"column":123}},{"start":{"line":255,"column":123},"end":{"line":255,"column":null}}],"line":255}},"s":{"0":0,"1":0,"2":0,"3":1,"4":0,"5":1,"6":0,"7":0,"8":0,"9":0,"10":1,"11":1,"12":1,"13":1,"14":1,"15":1,"16":1,"17":0,"18":2,"19":0,"20":0,"21":0,"22":0,"23":0,"24":0,"25":0,"26":0,"27":0},"f":{"0":0,"1":0,"2":0,"3":1,"4":0,"5":0,"6":1,"7":0,"8":2,"9":0,"10":0,"11":0,"12":0,"13":0,"14":0},"b":{"0":[0,0],"1":[0,0],"2":[0],"3":[0,1],"4":[0,0],"5":[0,0],"6":[0],"7":[1],"8":[1],"9":[0,1],"10":[1,0],"11":[0,0],"12":[1,1],"13":[1,0],"14":[0,1],"15":[0],"16":[0],"17":[0],"18":[0],"19":[0,0],"20":[0,0],"21":[0,0],"22":[0,0],"23":[0],"24":[0,0],"25":[0,0]},"meta":{"lastBranch":26,"lastFunction":15,"lastStatement":28,"seen":{"f:8:16:8:27":0,"s:9:2:21:Infinity":0,"f:11:13:11:18":1,"s:12:8:19:Infinity":1,"b:13:11:13:24:13:24:14:16":0,"b:15:12:17:13:17:12:19:Infinity":1,"f:25:16:25:29":2,"b:25:38:25:63":2,"s:26:2:36:Infinity":2,"f:40:16:40:28":3,"b:41:2:41:Infinity:undefined:undefined:undefined:undefined":3,"s:41:2:41:Infinity":3,"s:41:17:41:Infinity":4,"s:42:2:42:Infinity":5,"f:45:16:45:27":4,"s:56:2:64:Infinity":6,"b:59:9:59:20:59:20:59:Infinity":4,"b:63:7:63:18:63:18:64:Infinity":5,"f:68:16:68:27":5,"b:73:11:73:Infinity":6,"s:81:16:86:Infinity":7,"s:87:15:87:Infinity":8,"s:88:2:99:Infinity":9,"f:103:16:103:26":6,"b:103:43:103:58":7,"b:103:65:103:121":8,"s:104:17:104:Infinity":10,"s:105:24:105:Infinity":11,"s:106:18:106:Infinity":12,"s:107:21:107:Infinity":13,"s:108:17:108:Infinity":14,"b:108:33:108:45:108:45:108:Infinity":9,"b:108:61:108:73:108:73:108:Infinity":10,"s:109:23:109:Infinity":15,"s:110:2:131:Infinity":16,"f:135:16:135:25":7,"s:136:2:150:Infinity":17,"b:139:84:139:172:139:161:139:172":11,"f:154:16:154:28":8,"s:155:2:158:Infinity":18,"b:156:4:158:5:158:4:158:Infinity":12,"b:156:85:156:101:156:101:156:104":13,"b:158:84:158:100:158:100:158:103":14,"f:162:16:162:27":9,"b:162:37:162:47":15,"s:163:2:168:Infinity":19,"f:172:16:172:29":10,"b:172:39:172:92":16,"s:173:2:179:Infinity":20,"f:185:16:185:30":11,"b:189:17:189:Infinity":17,"b:190:16:190:Infinity":18,"b:204:2:204:Infinity:undefined:undefined:undefined:undefined":19,"s:204:2:204:Infinity":21,"s:204:15:204:Infinity":22,"s:206:2:224:Infinity":23,"b:217:11:217:23:217:23:217:Infinity":20,"f:228:16:228:27":12,"s:229:2:239:Infinity":24,"b:236:11:236:22:236:22:236:Infinity":21,"f:243:16:243:27":13,"s:244:2:250:Infinity":25,"b:249:7:249:17:249:17:249:Infinity":22,"f:254:16:254:26":14,"b:254:64:254:178":23,"s:255:22:255:Infinity":26,"b:255:42:255:74:255:74:255:Infinity":24,"b:255:95:255:123:255:123:255:Infinity":25,"s:256:2:266:Infinity":27},"fnNames":{}}}
,"C:\\Users\\sysye\\OneDrive\\Desktop\\circularmatch\\circularmatch\\apps\\web\\src\\lib\\format.ts": {"path":"C:\\Users\\sysye\\OneDrive\\Desktop\\circularmatch\\circularmatch\\apps\\web\\src\\lib\\format.ts","statementMap":{"0":{"start":{"line":1,"column":13},"end":{"line":2,"column":null}},"1":{"start":{"line":2,"column":2},"end":{"line":2,"column":null}},"2":{"start":{"line":4,"column":13},"end":{"line":11,"column":null}},"3":{"start":{"line":5,"column":2},"end":{"line":11,"column":null}},"4":{"start":{"line":13,"column":13},"end":{"line":13,"column":null}},"5":{"start":{"line":13,"column":62},"end":{"line":13,"column":null}},"6":{"start":{"line":15,"column":13},"end":{"line":16,"column":null}},"7":{"start":{"line":15,"column":26},"end":{"line":16,"column":null}},"8":{"start":{"line":16,"column":71},"end":{"line":16,"column":91}},"9":{"start":{"line":18,"column":13},"end":{"line":19,"column":null}},"10":{"start":{"line":19,"column":2},"end":{"line":19,"column":null}}},"fnMap":{"0":{"name":"(anonymous_0)","decl":{"start":{"line":1,"column":13},"end":{"line":1,"column":29}},"loc":{"start":{"line":2,"column":2},"end":{"line":2,"column":null}},"line":2},"1":{"name":"(anonymous_1)","decl":{"start":{"line":4,"column":13},"end":{"line":4,"column":31}},"loc":{"start":{"line":5,"column":2},"end":{"line":11,"column":null}},"line":5},"2":{"name":"(anonymous_2)","decl":{"start":{"line":13,"column":13},"end":{"line":13,"column":25}},"loc":{"start":{"line":13,"column":62},"end":{"line":13,"column":null}},"line":13},"3":{"name":"(anonymous_3)","decl":{"start":{"line":15,"column":13},"end":{"line":15,"column":26}},"loc":{"start":{"line":15,"column":26},"end":{"line":16,"column":null}},"line":15},"4":{"name":"(anonymous_4)","decl":{"start":{"line":16,"column":50},"end":{"line":16,"column":60}},"loc":{"start":{"line":16,"column":71},"end":{"line":16,"column":91}},"line":16},"5":{"name":"(anonymous_5)","decl":{"start":{"line":18,"column":13},"end":{"line":18,"column":30}},"loc":{"start":{"line":19,"column":2},"end":{"line":19,"column":null}},"line":19}},"branchMap":{"0":{"loc":{"start":{"line":1,"column":63},"end":{"line":1,"column":null}},"type":"default-arg","locations":[{"start":{"line":1,"column":87},"end":{"line":1,"column":null}}],"line":1},"1":{"loc":{"start":{"line":2,"column":67},"end":{"line":2,"column":77}},"type":"binary-expr","locations":[{"start":{"line":2,"column":67},"end":{"line":2,"column":76}},{"start":{"line":2,"column":76},"end":{"line":2,"column":77}}],"line":2},"2":{"loc":{"start":{"line":4,"column":65},"end":{"line":4,"column":null}},"type":"default-arg","locations":[{"start":{"line":4,"column":89},"end":{"line":4,"column":null}}],"line":4},"3":{"loc":{"start":{"line":5,"column":2},"end":{"line":11,"column":null}},"type":"cond-expr","locations":[{"start":{"line":6,"column":6},"end":{"line":6,"column":null}},{"start":{"line":7,"column":6},"end":{"line":11,"column":null}}],"line":5},"4":{"loc":{"start":{"line":5,"column":2},"end":{"line":5,"column":null}},"type":"binary-expr","locations":[{"start":{"line":5,"column":2},"end":{"line":5,"column":20}},{"start":{"line":5,"column":20},"end":{"line":5,"column":null}}],"line":5},"5":{"loc":{"start":{"line":16,"column":3},"end":{"line":16,"column":21}},"type":"binary-expr","locations":[{"start":{"line":16,"column":3},"end":{"line":16,"column":12}},{"start":{"line":16,"column":12},"end":{"line":16,"column":21}}],"line":16},"6":{"loc":{"start":{"line":19,"column":91},"end":{"line":19,"column":101}},"type":"binary-expr","locations":[{"start":{"line":19,"column":91},"end":{"line":19,"column":100}},{"start":{"line":19,"column":100},"end":{"line":19,"column":101}}],"line":19}},"s":{"0":1,"1":0,"2":1,"3":0,"4":1,"5":0,"6":1,"7":0,"8":0,"9":1,"10":0},"f":{"0":0,"1":0,"2":0,"3":0,"4":0,"5":0},"b":{"0":[0],"1":[0,0],"2":[0],"3":[0,0],"4":[0,0],"5":[0,0],"6":[0,0]},"meta":{"lastBranch":7,"lastFunction":6,"lastStatement":11,"seen":{"s:1:13:2:Infinity":0,"f:1:13:1:29":0,"s:2:2:2:Infinity":1,"b:1:87:1:Infinity":0,"b:2:67:2:76:2:76:2:77":1,"s:4:13:11:Infinity":2,"f:4:13:4:31":1,"s:5:2:11:Infinity":3,"b:4:89:4:Infinity":2,"b:6:6:6:Infinity:7:6:11:Infinity":3,"b:5:2:5:20:5:20:5:Infinity":4,"s:13:13:13:Infinity":4,"f:13:13:13:25":2,"s:13:62:13:Infinity":5,"s:15:13:16:Infinity":6,"f:15:13:15:26":3,"s:15:26:16:Infinity":7,"b:16:3:16:12:16:12:16:21":5,"f:16:50:16:60":4,"s:16:71:16:91":8,"s:18:13:19:Infinity":9,"f:18:13:18:30":5,"s:19:2:19:Infinity":10,"b:19:91:19:100:19:100:19:101":6},"fnNames":{}}}
}
